TN:
SF:src/RevolutionProtocolRewards.sol
FN:136,RevolutionProtocolRewards.withdraw
FN:157,RevolutionProtocolRewards.withdrawFor
FN:181,RevolutionProtocolRewards.withdrawWithSig
FN:29,RevolutionProtocolRewards.totalRewardsSupply
FN:37,RevolutionProtocolRewards.deposit
FN:50,RevolutionProtocolRewards.depositBatch
FN:97,RevolutionProtocolRewards.depositRewards
FNDA:4,RevolutionProtocolRewards.withdraw
FNDA:4,RevolutionProtocolRewards.withdrawFor
FNDA:9,RevolutionProtocolRewards.withdrawWithSig
FNDA:38,RevolutionProtocolRewards.totalRewardsSupply
FNDA:512,RevolutionProtocolRewards.deposit
FNDA:1024,RevolutionProtocolRewards.depositBatch
FNDA:26,RevolutionProtocolRewards.depositRewards
FNF:7
FNH:7
BRDA:38,0,0,256
BRDA:38,0,1,256
BRDA:58,1,0,256
BRDA:58,1,1,768
BRDA:69,2,0,256
BRDA:69,2,1,512
BRDA:78,3,0,256
BRDA:78,3,1,26011
BRDA:107,4,0,-
BRDA:107,4,1,26
BRDA:111,5,0,26
BRDA:111,5,1,26
BRDA:113,6,0,26
BRDA:113,6,1,26
BRDA:115,7,0,26
BRDA:115,7,1,26
BRDA:117,8,0,26
BRDA:117,8,1,26
BRDA:137,9,0,1
BRDA:137,9,1,3
BRDA:141,10,0,1
BRDA:141,10,1,2
BRDA:143,11,0,1
BRDA:143,11,1,2
BRDA:151,12,0,-
BRDA:151,12,1,2
BRDA:158,13,0,1
BRDA:158,13,1,3
BRDA:160,14,0,1
BRDA:160,14,1,2
BRDA:162,15,0,1
BRDA:162,15,1,2
BRDA:170,16,0,-
BRDA:170,16,1,2
BRDA:190,17,0,1
BRDA:190,17,1,8
BRDA:201,18,0,3
BRDA:201,18,1,5
BRDA:204,19,0,1
BRDA:204,19,1,4
BRDA:207,20,0,1
BRDA:207,20,1,3
BRDA:210,21,0,1
BRDA:210,21,1,3
BRDA:218,22,0,-
BRDA:218,22,1,3
BRF:46
BRH:42
DA:30,38
DA:38,512
DA:40,256
DA:42,256
DA:56,1024
DA:58,1024
DA:59,256
DA:61,768
DA:63,768
DA:64,79917
DA:66,79917
DA:69,768
DA:71,512
DA:72,512
DA:74,512
DA:75,26267
DA:76,26267
DA:78,26267
DA:80,26011
DA:82,26011
DA:84,26011
DA:107,26
DA:108,0
DA:111,26
DA:113,26
DA:115,26
DA:117,26
DA:120,26
DA:137,4
DA:139,3
DA:141,3
DA:143,2
DA:145,2
DA:147,2
DA:149,2
DA:151,2
DA:158,4
DA:160,3
DA:162,2
DA:164,2
DA:166,2
DA:168,2
DA:170,2
DA:190,9
DA:192,8
DA:194,8
DA:196,8
DA:198,8
DA:201,8
DA:204,5
DA:207,4
DA:210,3
DA:212,3
DA:214,3
DA:216,3
DA:218,3
LF:56
LH:55
end_of_record
TN:
SF:src/abstract/RewardSplits.sol
FN:41,RewardSplits.computeTotalReward
FN:56,RewardSplits.computePurchaseRewards
FN:70,RewardSplits._depositPurchaseRewards
FNDA:0,RewardSplits.computeTotalReward
FNDA:768,RewardSplits.computePurchaseRewards
FNDA:26,RewardSplits._depositPurchaseRewards
FNF:3
FNH:2
BRDA:42,0,0,1134
BRDA:42,0,1,78
BRDA:78,1,0,-
BRDA:78,1,1,26
BRDA:80,2,0,-
BRDA:80,2,1,26
BRDA:82,3,0,13
BRDA:82,3,1,26
BRF:8
BRH:6
DA:42,1212
DA:43,1134
DA:45,78
DA:46,78
DA:48,78
DA:50,78
DA:52,78
DA:59,794
DA:76,26
DA:78,26
DA:80,26
DA:82,26
DA:84,26
DA:95,26
LF:14
LH:14
end_of_record
TN:
SF:src/abstract/TokenEmitter/TokenEmitterRewards.sol
FN:12,TokenEmitterRewards._handleRewardsAndGetValueToSend
FNDA:512,TokenEmitterRewards._handleRewardsAndGetValueToSend
FNF:1
FNH:1
BRDA:18,0,0,-
BRDA:18,0,1,26
BRF:2
BRH:1
DA:18,512
DA:20,26
LF:2
LH:2
end_of_record
