TN:
SF:src/AuctionHouse.sol
FN:108,AuctionHouse.initialize
FN:146,AuctionHouse.settleCurrentAndCreateNewAuction
FN:155,AuctionHouse.settleAuction
FN:165,AuctionHouse.createBid
FN:202,AuctionHouse.pause
FN:211,AuctionHouse.setCreatorRateBps
FN:227,AuctionHouse.setMinCreatorRateBps
FN:250,AuctionHouse.setEntropyRateBps
FN:262,AuctionHouse.unpause
FN:274,AuctionHouse.setTimeBuffer
FN:284,AuctionHouse.setReservePrice
FN:294,AuctionHouse.setMinBidIncrementPercentage
FN:306,AuctionHouse._createAuction
FN:333,AuctionHouse._settleAuction
FN:425,AuctionHouse._safeTransferETHWithFallback
FNDA:1,AuctionHouse.initialize
FNDA:1794,AuctionHouse.settleCurrentAndCreateNewAuction
FNDA:1,AuctionHouse.settleAuction
FNDA:1540,AuctionHouse.createBid
FNDA:0,AuctionHouse.pause
FNDA:769,AuctionHouse.setCreatorRateBps
FNDA:1024,AuctionHouse.setMinCreatorRateBps
FNDA:1282,AuctionHouse.setEntropyRateBps
FNDA:1799,AuctionHouse.unpause
FNDA:0,AuctionHouse.setTimeBuffer
FNDA:0,AuctionHouse.setReservePrice
FNDA:0,AuctionHouse.setMinBidIncrementPercentage
FNDA:3558,AuctionHouse._createAuction
FNDA:1794,AuctionHouse._settleAuction
FNDA:11084,AuctionHouse._safeTransferETHWithFallback
FNF:15
FNH:11
BRDA:115,0,0,-
BRDA:115,0,1,1
BRDA:116,1,0,-
BRDA:116,1,1,1
BRDA:124,2,0,-
BRDA:124,2,1,1
BRDA:169,3,0,1
BRDA:169,3,1,1539
BRDA:170,4,0,-
BRDA:170,4,1,1539
BRDA:172,5,0,-
BRDA:172,5,1,1539
BRDA:173,6,0,-
BRDA:173,6,1,1539
BRDA:174,7,0,-
BRDA:174,7,1,1539
BRDA:186,8,0,-
BRDA:186,8,1,1539
BRDA:189,9,0,-
BRDA:189,9,1,1539
BRDA:193,10,0,-
BRDA:193,10,1,1539
BRDA:212,11,0,40
BRDA:212,11,1,728
BRDA:216,12,0,180
BRDA:216,12,1,548
BRDA:228,13,0,206
BRDA:228,13,1,562
BRDA:232,14,0,-
BRDA:232,14,1,562
BRDA:235,15,0,508
BRDA:235,15,1,54
BRDA:251,16,0,512
BRDA:251,16,1,768
BRDA:265,17,0,1799
BRDA:265,17,1,1799
BRDA:308,18,0,-
BRDA:308,18,1,3558
BRDA:336,19,0,-
BRDA:336,19,1,1794
BRDA:337,20,0,-
BRDA:337,20,1,1794
BRDA:339,21,0,-
BRDA:339,21,1,1794
BRDA:345,22,0,-
BRDA:345,22,1,256
BRDA:347,23,0,-
BRDA:347,23,1,256
BRDA:355,24,0,-
BRDA:355,24,1,-
BRDA:360,25,0,35
BRDA:360,25,1,1503
BRDA:380,26,0,-
BRDA:380,26,1,9546
BRDA:403,27,0,35
BRDA:403,27,1,1503
BRDA:427,28,0,-
BRDA:427,28,1,11084
BRDA:439,29,0,-
BRDA:439,29,1,682
BRDA:447,30,0,-
BRDA:447,30,1,682
BRF:62
BRH:39
DA:115,1
DA:116,1
DA:118,1
DA:119,1
DA:120,1
DA:122,1
DA:124,1
DA:129,1
DA:130,1
DA:131,1
DA:132,1
DA:133,1
DA:134,1
DA:135,1
DA:136,1
DA:137,1
DA:138,1
DA:147,1794
DA:148,1759
DA:156,0
DA:166,1540
DA:169,1540
DA:170,1539
DA:172,1539
DA:173,1539
DA:174,1539
DA:179,1539
DA:181,1539
DA:182,1539
DA:185,1539
DA:186,1539
DA:189,1539
DA:191,1539
DA:193,1539
DA:203,0
DA:212,768
DA:216,728
DA:217,548
DA:219,548
DA:228,768
DA:232,562
DA:235,562
DA:240,54
DA:242,54
DA:251,1280
DA:253,768
DA:254,768
DA:263,1799
DA:265,1799
DA:266,1799
DA:275,0
DA:277,0
DA:285,0
DA:287,0
DA:295,0
DA:297,0
DA:308,3558
DA:310,3558
DA:334,1794
DA:336,1794
DA:337,1794
DA:339,1794
DA:341,1794
DA:343,1794
DA:345,1794
DA:347,256
DA:348,0
DA:352,256
DA:355,1538
DA:356,0
DA:358,1538
DA:360,1538
DA:362,1538
DA:365,1538
DA:367,1538
DA:368,1538
DA:371,1538
DA:372,1538
DA:375,1538
DA:377,1538
DA:380,1538
DA:381,1538
DA:382,9546
DA:385,9546
DA:386,9546
DA:389,9546
DA:391,9546
DA:394,9546
DA:397,9546
DA:403,1538
DA:404,1538
DA:419,1759
DA:427,11084
DA:430,11084
DA:435,11084
DA:439,11084
DA:441,682
DA:444,682
DA:447,682
LF:99
LH:89
end_of_record
TN:
SF:src/CultureIndex.sol
FN:107,CultureIndex.initialize
FN:161,CultureIndex.validateMediaType
FN:181,CultureIndex.validateCreatorsArray
FN:215,CultureIndex.createPiece
FN:272,CultureIndex._emitPieceCreatedEvents
FN:299,CultureIndex.hasVoted
FN:308,CultureIndex.getVotes
FN:317,CultureIndex.getPastVotes
FN:327,CultureIndex._calculateVoteWeight
FN:334,CultureIndex._getVotes
FN:338,CultureIndex._getPastVotes
FN:353,CultureIndex._vote
FN:378,CultureIndex.vote
FN:388,CultureIndex.voteForMany
FN:399,CultureIndex._voteForMany
FN:417,CultureIndex.voteForManyWithSig
FN:439,CultureIndex.batchVoteForManyWithSig
FN:483,CultureIndex._verifyVoteSignature
FN:515,CultureIndex.getPieceById
FN:525,CultureIndex.getVote
FN:534,CultureIndex.getTopVotedPiece
FN:542,CultureIndex.pieceCount
FN:550,CultureIndex.topVotedPieceId
FN:562,CultureIndex._setQuorumVotesBPS
FN:576,CultureIndex.quorumVotes
FN:587,CultureIndex.dropTopVotedPiece
FN:612,CultureIndex._authorizeUpgrade
FNDA:1,CultureIndex.initialize
FNDA:85257,CultureIndex.validateMediaType
FNDA:85268,CultureIndex.validateCreatorsArray
FNDA:85268,CultureIndex.createPiece
FNDA:85253,CultureIndex._emitPieceCreatedEvents
FNDA:0,CultureIndex.hasVoted
FNDA:1544,CultureIndex.getVotes
FNDA:0,CultureIndex.getPastVotes
FNDA:185958,CultureIndex._calculateVoteWeight
FNDA:1544,CultureIndex._getVotes
FNDA:98905,CultureIndex._getPastVotes
FNDA:98921,CultureIndex._vote
FNDA:98808,CultureIndex.vote
FNDA:6,CultureIndex.voteForMany
FNDA:13,CultureIndex._voteForMany
FNDA:12,CultureIndex.voteForManyWithSig
FNDA:0,CultureIndex.batchVoteForManyWithSig
FNDA:12,CultureIndex._verifyVoteSignature
FNDA:515,CultureIndex.getPieceById
FNDA:11,CultureIndex.getVote
FNDA:25737,CultureIndex.getTopVotedPiece
FNDA:2,CultureIndex.pieceCount
FNDA:7,CultureIndex.topVotedPieceId
FNDA:1281,CultureIndex._setQuorumVotesBPS
FNDA:256,CultureIndex.quorumVotes
FNDA:24970,CultureIndex.dropTopVotedPiece
FNDA:0,CultureIndex._authorizeUpgrade
FNF:27
FNH:23
BRDA:114,0,0,-
BRDA:114,0,1,1
BRDA:116,1,0,-
BRDA:116,1,1,1
BRDA:117,2,0,-
BRDA:117,2,1,1
BRDA:118,3,0,-
BRDA:118,3,1,1
BRDA:119,4,0,-
BRDA:119,4,1,1
BRDA:162,5,0,1
BRDA:162,5,1,85256
BRDA:164,6,0,1
BRDA:164,6,1,85253
BRDA:165,7,0,1
BRDA:165,7,1,85253
BRDA:166,8,0,1
BRDA:166,8,1,-
BRDA:167,9,0,1
BRDA:167,9,1,-
BRDA:168,10,0,1
BRDA:168,10,1,-
BRDA:169,11,0,1
BRDA:169,11,1,-
BRDA:184,12,0,3
BRDA:184,12,1,85265
BRDA:188,13,0,3
BRDA:188,13,1,93372
BRDA:196,14,0,5
BRDA:196,14,1,85257
BRDA:354,15,0,5
BRDA:354,15,1,98916
BRDA:355,16,0,-
BRDA:355,16,1,98916
BRDA:356,17,0,4
BRDA:356,17,1,98912
BRDA:357,18,0,7
BRDA:357,18,1,98905
BRDA:360,19,0,32
BRDA:360,19,1,98873
BRDA:427,20,0,-
BRDA:427,20,1,7
BRDA:448,21,0,-
BRDA:448,21,1,-
BRDA:460,22,0,-
BRDA:460,22,1,-
BRDA:491,23,0,1
BRDA:491,23,1,11
BRDA:502,24,0,1
BRDA:502,24,1,10
BRDA:505,25,0,3
BRDA:505,25,1,7
BRDA:516,26,0,-
BRDA:516,26,1,515
BRDA:526,27,0,1
BRDA:526,27,1,10
BRDA:551,28,0,1287
BRDA:551,28,1,49426
BRDA:563,29,0,256
BRDA:563,29,1,1024
BRDA:589,30,0,841
BRDA:589,30,1,24127
BRDA:614,31,0,-
BRDA:614,31,1,-
BRF:64
BRH:46
DA:114,1
DA:116,1
DA:117,1
DA:118,1
DA:119,1
DA:122,1
DA:125,1
DA:127,1
DA:128,1
DA:129,1
DA:130,1
DA:131,1
DA:132,1
DA:133,1
DA:135,1
DA:138,1
DA:162,85257
DA:164,85256
DA:165,85254
DA:166,2
DA:167,1
DA:168,1
DA:169,1
DA:182,85268
DA:184,85268
DA:186,85265
DA:187,85265
DA:188,93375
DA:189,93372
DA:192,93372
DA:196,85262
DA:198,85257
DA:219,85268
DA:222,85257
DA:224,85253
DA:227,85253
DA:229,85253
DA:231,85253
DA:232,85253
DA:236,85253
DA:237,85253
DA:238,85253
DA:239,85253
DA:240,85253
DA:242,85253
DA:243,93361
DA:246,93361
DA:250,85253
DA:260,85253
DA:281,85253
DA:284,85253
DA:285,93361
DA:288,93361
DA:300,0
DA:309,1544
DA:318,0
DA:331,185958
DA:335,1544
DA:339,98905
DA:340,98905
DA:354,98921
DA:355,98916
DA:356,98916
DA:357,98912
DA:359,98905
DA:360,98905
DA:362,98873
DA:363,98873
DA:365,98873
DA:368,98873
DA:369,98873
DA:379,98808
DA:389,6
DA:400,13
DA:401,13
DA:402,113
DA:405,105
DA:425,12
DA:427,7
DA:429,7
DA:447,0
DA:448,0
DA:457,0
DA:458,0
DA:460,0
DA:463,0
DA:467,0
DA:468,0
DA:471,0
DA:491,12
DA:493,11
DA:495,11
DA:497,11
DA:499,11
DA:502,11
DA:505,10
DA:507,7
DA:516,515
DA:517,515
DA:526,11
DA:527,10
DA:535,50706
DA:543,2
DA:551,50713
DA:553,49426
DA:554,49426
DA:563,1280
DA:567,1024
DA:569,1024
DA:577,256
DA:578,256
DA:588,24969
DA:589,24968
DA:595,24127
DA:598,24127
DA:600,24127
DA:602,24127
DA:614,0
LF:118
LH:106
end_of_record
TN:
SF:src/ERC20TokenEmitter.sol
FN:108,ERC20TokenEmitter._mint
FN:112,ERC20TokenEmitter.totalSupply
FN:117,ERC20TokenEmitter.decimals
FN:122,ERC20TokenEmitter.balanceOf
FN:132,ERC20TokenEmitter.pause
FN:141,ERC20TokenEmitter.unpause
FN:152,ERC20TokenEmitter.buyToken
FN:240,ERC20TokenEmitter.buyTokenQuote
FN:257,ERC20TokenEmitter.getTokenQuoteForEther
FN:274,ERC20TokenEmitter.getTokenQuoteForPayment
FN:293,ERC20TokenEmitter.setEntropyRateBps
FN:305,ERC20TokenEmitter.setCreatorRateBps
FN:316,ERC20TokenEmitter.setCreatorsAddress
FN:84,ERC20TokenEmitter.initialize
FNDA:11029,ERC20TokenEmitter._mint
FNDA:2,ERC20TokenEmitter.totalSupply
FNDA:0,ERC20TokenEmitter.decimals
FNDA:1029,ERC20TokenEmitter.balanceOf
FNDA:0,ERC20TokenEmitter.pause
FNDA:0,ERC20TokenEmitter.unpause
FNDA:2573,ERC20TokenEmitter.buyToken
FNDA:4,ERC20TokenEmitter.buyTokenQuote
FNDA:1799,ERC20TokenEmitter.getTokenQuoteForEther
FNDA:0,ERC20TokenEmitter.getTokenQuoteForPayment
FNDA:256,ERC20TokenEmitter.setEntropyRateBps
FNDA:256,ERC20TokenEmitter.setCreatorRateBps
FNDA:258,ERC20TokenEmitter.setCreatorsAddress
FNDA:4,ERC20TokenEmitter.initialize
FNF:14
FNH:10
BRDA:91,0,0,-
BRDA:91,0,1,4
BRDA:96,1,0,-
BRDA:96,1,1,4
BRDA:158,2,0,2
BRDA:158,2,1,2571
BRDA:160,3,0,-
BRDA:160,3,1,2571
BRDA:162,4,0,-
BRDA:162,4,1,2571
BRDA:188,5,0,227
BRDA:188,5,1,2536
BRDA:192,6,0,-
BRDA:192,6,1,2536
BRDA:195,7,0,-
BRDA:195,7,1,197
BRDA:197,8,0,-
BRDA:197,8,1,197
BRDA:201,9,0,227
BRDA:201,9,1,2536
BRDA:208,10,0,-
BRDA:208,10,1,10802
BRDA:220,11,0,1
BRDA:220,11,1,2535
BRDA:241,12,0,-
BRDA:241,12,1,4
BRDA:258,13,0,29
BRDA:258,13,1,4533
BRDA:275,14,0,-
BRDA:275,14,1,-
BRDA:294,15,0,-
BRDA:294,15,1,256
BRDA:306,16,0,-
BRDA:306,16,1,256
BRDA:317,17,0,-
BRDA:317,17,1,257
BRF:36
BRH:22
DA:91,4
DA:93,4
DA:94,4
DA:96,4
DA:99,4
DA:101,4
DA:102,4
DA:103,4
DA:104,4
DA:105,4
DA:109,11029
DA:114,2
DA:119,0
DA:124,1029
DA:133,0
DA:142,0
DA:158,2573
DA:160,2571
DA:162,2571
DA:165,2571
DA:173,2536
DA:177,2536
DA:179,2536
DA:184,2536
DA:187,2536
DA:188,2536
DA:191,2536
DA:192,2536
DA:195,2536
DA:196,197
DA:197,197
DA:201,2536
DA:202,227
DA:205,2536
DA:208,2536
DA:209,2536
DA:211,10802
DA:212,10802
DA:215,10802
DA:220,2536
DA:222,2535
DA:232,2535
DA:241,4
DA:244,4
DA:245,4
DA:258,4562
DA:261,4533
DA:262,4533
DA:275,0
DA:278,0
DA:279,0
DA:294,256
DA:296,256
DA:297,256
DA:306,256
DA:307,256
DA:309,256
DA:317,257
DA:318,257
DA:320,257
LF:60
LH:54
end_of_record
TN:
SF:src/MaxHeap.sol
FN:100,MaxHeap.insert
FN:117,MaxHeap.updateValue
FN:137,MaxHeap.extractMax
FN:150,MaxHeap.getMax
FN:162,MaxHeap._authorizeUpgrade
FN:39,MaxHeap.initialize
FN:59,MaxHeap.parent
FN:67,MaxHeap.swap
FN:75,MaxHeap.maxHeapify
FNDA:85325,MaxHeap.insert
FNDA:98880,MaxHeap.updateValue
FNDA:24151,MaxHeap.extractMax
FNDA:49438,MaxHeap.getMax
FNDA:0,MaxHeap._authorizeUpgrade
FNDA:1,MaxHeap.initialize
FNDA:1467856,MaxHeap.parent
FNDA:455346,MaxHeap.swap
FNDA:4,MaxHeap.maxHeapify
FNF:9
FNH:8
BRDA:40,0,0,-
BRDA:40,0,1,1
BRDA:60,1,0,-
BRDA:60,1,1,1467856
BRDA:83,2,0,24147
BRDA:83,2,1,42
BRDA:85,3,0,21
BRDA:85,3,1,16
BRDA:86,4,0,21
BRDA:86,4,1,16
BRDA:125,5,0,455281
BRDA:125,5,1,98877
BRDA:131,6,0,1
BRDA:131,6,1,1
BRDA:138,7,0,2
BRDA:138,7,1,24147
BRDA:151,8,0,-
BRDA:151,8,1,49438
BRDA:164,9,0,-
BRDA:164,9,1,-
BRF:20
BRH:15
DA:40,1
DA:42,1
DA:60,1467856
DA:61,1467856
DA:68,455346
DA:69,455346
DA:76,24189
DA:77,24189
DA:79,24189
DA:80,24189
DA:81,24189
DA:83,24189
DA:85,42
DA:86,37
DA:87,21
DA:88,21
DA:90,16
DA:91,16
DA:101,85323
DA:102,85323
DA:103,85323
DA:105,85323
DA:106,85351
DA:107,28
DA:108,28
DA:110,85323
DA:118,98878
DA:119,98878
DA:122,98878
DA:125,98878
DA:127,554158
DA:128,455281
DA:129,455281
DA:131,1
DA:138,24149
DA:140,24147
DA:141,24147
DA:142,24147
DA:144,24147
DA:151,49438
DA:152,49438
DA:164,0
LF:42
LH:41
end_of_record
TN:
SF:src/NontransferableERC20Votes.sol
FN:102,NontransferableERC20Votes.transfer
FN:109,NontransferableERC20Votes._transfer
FN:116,NontransferableERC20Votes.transferFrom
FN:123,NontransferableERC20Votes.approve
FN:135,NontransferableERC20Votes._mint
FN:142,NontransferableERC20Votes.mint
FN:149,NontransferableERC20Votes._approve
FN:168,NontransferableERC20Votes._spendAllowance
FN:52,NontransferableERC20Votes.__NontransferableERC20Votes_init
FN:60,NontransferableERC20Votes.__NontransferableERC20Votes_init_unchained
FN:73,NontransferableERC20Votes.initialize
FN:95,NontransferableERC20Votes.decimals
FNDA:2,NontransferableERC20Votes.transfer
FNDA:0,NontransferableERC20Votes._transfer
FNDA:0,NontransferableERC20Votes.transferFrom
FNDA:1,NontransferableERC20Votes.approve
FNDA:88639,NontransferableERC20Votes._mint
FNDA:88641,NontransferableERC20Votes.mint
FNDA:0,NontransferableERC20Votes._approve
FNDA:0,NontransferableERC20Votes._spendAllowance
FNDA:3,NontransferableERC20Votes.__NontransferableERC20Votes_init
FNDA:3,NontransferableERC20Votes.__NontransferableERC20Votes_init_unchained
FNDA:3,NontransferableERC20Votes.initialize
FNDA:1,NontransferableERC20Votes.decimals
FNF:12
FNH:8
BRDA:77,0,0,-
BRDA:77,0,1,3
BRDA:136,1,0,-
BRDA:136,1,1,88639
BRF:4
BRH:2
DA:57,3
DA:65,3
DA:66,3
DA:67,3
DA:77,3
DA:79,3
DA:96,1
DA:103,2
DA:110,0
DA:117,0
DA:124,1
DA:136,88639
DA:137,0
DA:139,88639
DA:143,88639
DA:150,0
DA:162,0
DA:169,0
LF:18
LH:12
end_of_record
TN:
SF:src/VerbsToken.sol
FN:130,VerbsToken.initialize
FN:161,VerbsToken.contractURI
FN:169,VerbsToken.setContractURIHash
FN:177,VerbsToken.mint
FN:184,VerbsToken.burn
FN:193,VerbsToken.tokenURI
FN:201,VerbsToken.dataURI
FN:209,VerbsToken.setMinter
FN:220,VerbsToken.lockMinter
FN:230,VerbsToken.setDescriptor
FN:242,VerbsToken.lockDescriptor
FN:252,VerbsToken.setCultureIndex
FN:264,VerbsToken.lockCultureIndex
FN:275,VerbsToken.getArtPieceById
FN:283,VerbsToken._mintTo
FN:334,VerbsToken._authorizeUpgrade
FNDA:1,VerbsToken.initialize
FNDA:3,VerbsToken.contractURI
FNDA:4,VerbsToken.setContractURIHash
FNDA:25736,VerbsToken.mint
FNDA:263,VerbsToken.burn
FNDA:2,VerbsToken.tokenURI
FNDA:0,VerbsToken.dataURI
FNDA:8,VerbsToken.setMinter
FNDA:4,VerbsToken.lockMinter
FNDA:6,VerbsToken.setDescriptor
FNDA:4,VerbsToken.lockDescriptor
FNDA:5,VerbsToken.setCultureIndex
FNDA:3,VerbsToken.lockCultureIndex
FNDA:12623,VerbsToken.getArtPieceById
FNDA:25733,VerbsToken._mintTo
FNDA:0,VerbsToken._authorizeUpgrade
FNF:16
FNH:14
BRDA:137,0,0,-
BRDA:137,0,1,1
BRDA:139,1,0,-
BRDA:139,1,1,1
BRDA:140,2,0,-
BRDA:140,2,1,1
BRDA:210,3,0,-
BRDA:210,3,1,3
BRDA:276,4,0,-
BRDA:276,4,1,12623
BRDA:288,5,0,-
BRDA:288,5,1,24446
BRDA:336,6,0,-
BRDA:336,6,1,-
BRF:14
BRH:6
DA:137,1
DA:139,1
DA:140,1
DA:143,1
DA:146,1
DA:149,1
DA:150,1
DA:153,1
DA:154,1
DA:155,1
DA:162,3
DA:170,2
DA:178,25733
DA:185,262
DA:186,262
DA:194,2
DA:202,0
DA:210,3
DA:211,3
DA:213,3
DA:221,3
DA:223,3
DA:233,2
DA:235,2
DA:243,3
DA:245,3
DA:255,2
DA:257,2
DA:265,2
DA:267,2
DA:276,12623
DA:277,12623
DA:284,25733
DA:288,24446
DA:294,24446
DA:336,0
LF:36
LH:34
end_of_record
TN:
SF:src/builder/RevolutionBuilder.sol
FN:118,RevolutionBuilder.initialize
FN:139,RevolutionBuilder.deploy
FN:268,RevolutionBuilder.getAddresses
FN:305,RevolutionBuilder.isRegisteredUpgrade
FN:312,RevolutionBuilder.registerUpgrade
FN:321,RevolutionBuilder.removeUpgrade
FN:330,RevolutionBuilder._safeGetVersion
FN:338,RevolutionBuilder.getDAOVersions
FN:364,RevolutionBuilder.getLatestVersions
FN:386,RevolutionBuilder._authorizeUpgrade
FNDA:1,RevolutionBuilder.initialize
FNDA:1,RevolutionBuilder.deploy
FNDA:0,RevolutionBuilder.getAddresses
FNDA:0,RevolutionBuilder.isRegisteredUpgrade
FNDA:0,RevolutionBuilder.registerUpgrade
FNDA:0,RevolutionBuilder.removeUpgrade
FNDA:0,RevolutionBuilder._safeGetVersion
FNDA:0,RevolutionBuilder.getDAOVersions
FNDA:0,RevolutionBuilder.getLatestVersions
FNDA:1,RevolutionBuilder._authorizeUpgrade
FNF:10
FNH:3
BRDA:120,0,0,-
BRDA:120,0,1,1
BRDA:149,1,0,-
BRDA:149,1,1,1
BRF:4
BRH:2
DA:120,1
DA:123,1
DA:149,1
DA:152,1
DA:155,1
DA:164,1
DA:167,1
DA:180,1
DA:184,1
DA:192,1
DA:197,1
DA:205,1
DA:213,1
DA:218,1
DA:226,1
DA:231,1
DA:238,1
DA:250,1
DA:285,0
DA:287,0
DA:288,0
DA:289,0
DA:290,0
DA:292,0
DA:293,0
DA:294,0
DA:295,0
DA:306,0
DA:313,0
DA:315,0
DA:322,0
DA:324,0
DA:331,0
DA:339,0
DA:349,0
DA:350,0
DA:351,0
DA:365,0
DA:366,0
LF:39
LH:18
end_of_record
TN:
SF:src/version/VersionedContract.sol
FN:12,VersionedContract.contractVersion
FNDA:0,VersionedContract.contractVersion
FNF:1
FNH:0
DA:13,0
LF:1
LH:0
end_of_record
